<?xml version="1.0" encoding="UTF-8"?>
<coverage generated="1621348800285" clover="3.2.0">
  <project timestamp="1621348800285" name="All files">
    <metrics statements="6" coveredstatements="3" conditionals="0" coveredconditionals="0" methods="5" coveredmethods="2" elements="11" coveredelements="5" complexity="0" loc="6" ncloc="6" packages="1" files="1" classes="1"/>
    <file name="Employee.js" path="C:\Users\User\coding_bootcamp\homework\10-Object-Oriented-Programming-Team-Profile-Generator\src\lib\Employee.js">
      <metrics statements="6" coveredstatements="3" conditionals="0" coveredconditionals="0" methods="5" coveredmethods="2"/>
      <line num="3" count="3" type="stmt"/>
      <line num="8" count="0" type="stmt"/>
      <line num="11" count="0" type="stmt"/>
      <line num="14" count="0" type="stmt"/>
      <line num="17" count="1" type="stmt"/>
      <line num="21" count="1" type="stmt"/>
    </file>
  </project>
</coverage>
