<?xml version="1.0" encoding="UTF-8"?>
<coverage generated="1621365496165" clover="3.2.0">
  <project timestamp="1621365496165" name="All files">
    <metrics statements="24" coveredstatements="20" conditionals="0" coveredconditionals="0" methods="14" coveredmethods="10" elements="38" coveredelements="30" complexity="0" loc="24" ncloc="24" packages="1" files="4" classes="4"/>
    <file name="Employee.js" path="C:\Users\User\coding_bootcamp\homework\10-Object-Oriented-Programming-Team-Profile-Generator\src\lib\Employee.js">
      <metrics statements="6" coveredstatements="3" conditionals="0" coveredconditionals="0" methods="5" coveredmethods="2"/>
      <line num="3" count="6" type="stmt"/>
      <line num="8" count="0" type="stmt"/>
      <line num="11" count="0" type="stmt"/>
      <line num="14" count="0" type="stmt"/>
      <line num="17" count="1" type="stmt"/>
      <line num="21" count="4" type="stmt"/>
    </file>
    <file name="Engineer.js" path="C:\Users\User\coding_bootcamp\homework\10-Object-Oriented-Programming-Team-Profile-Generator\src\lib\Engineer.js">
      <metrics statements="6" coveredstatements="6" conditionals="0" coveredconditionals="0" methods="3" coveredmethods="3"/>
      <line num="1" count="1" type="stmt"/>
      <line num="5" count="1" type="stmt"/>
      <line num="6" count="1" type="stmt"/>
      <line num="9" count="1" type="stmt"/>
      <line num="12" count="1" type="stmt"/>
      <line num="16" count="1" type="stmt"/>
    </file>
    <file name="Intern.js" path="C:\Users\User\coding_bootcamp\homework\10-Object-Oriented-Programming-Team-Profile-Generator\src\lib\Intern.js">
      <metrics statements="6" coveredstatements="5" conditionals="0" coveredconditionals="0" methods="3" coveredmethods="2"/>
      <line num="1" count="1" type="stmt"/>
      <line num="5" count="1" type="stmt"/>
      <line num="6" count="1" type="stmt"/>
      <line num="9" count="0" type="stmt"/>
      <line num="12" count="1" type="stmt"/>
      <line num="16" count="1" type="stmt"/>
    </file>
    <file name="Manager.js" path="C:\Users\User\coding_bootcamp\homework\10-Object-Oriented-Programming-Team-Profile-Generator\src\lib\Manager.js">
      <metrics statements="6" coveredstatements="6" conditionals="0" coveredconditionals="0" methods="3" coveredmethods="3"/>
      <line num="1" count="1" type="stmt"/>
      <line num="6" count="1" type="stmt"/>
      <line num="7" count="1" type="stmt"/>
      <line num="10" count="1" type="stmt"/>
      <line num="13" count="1" type="stmt"/>
      <line num="18" count="1" type="stmt"/>
    </file>
  </project>
</coverage>
